<?xml version="1.0" encoding="UTF-8"?>
<testsuite xmlns:xsi="http://www.w3.org/2001/XMLSchema-instance" xsi:noNamespaceSchemaLocation="https://maven.apache.org/surefire/maven-surefire-plugin/xsd/surefire-test-report-3.0.xsd" version="3.0" name="no.hvl.dat110.unit.tests.TestRemote" time="0.007" tests="1" errors="0" skipped="0" failures="0">
  <properties>
[...]
</properties>
  <testcase name="test" classname="no.hvl.dat110.unit.tests.TestRemote" time="0.007">
    <system-out><![CDATA[id: 8256520967608282605234844990226290265
lower: 53937554629190552131995290006614509577
upper: 66910184482037901621933403444034052414
Result (no wrap): false
id: 15618062003214643351512781541041391612
lower: 53937554629190552131995290006614509577
upper: 8256520967608282605234844990226290265
Result (wrap): false
id: 210821560651360572675896360671414673172
lower: 53937554629190552131995290006614509577
upper: 8256520967608282605234844990226290265
Result (wrap): true
id: 8256520967608282605234844990226290265
lower: 210821560651360572675896360671414673172
upper: 15618062003214643351512781541041391612
Result (wrap): true
id: 83550242532527638904138483233262313637
lower: 53937554629190552131995290006614509577
upper: 66910184482037901621933403444034052414
Result (no wrap): false
id: 15618062003214643351512781541041391612
lower: 53937554629190552131995290006614509577
upper: 83550242532527638904138483233262313637
Result (no wrap): false
id: 210821560651360572675896360671414673172
lower: 53937554629190552131995290006614509577
upper: 83550242532527638904138483233262313637
Result (no wrap): false
id: 121411138451101288395601026024677976156
lower: 53937554629190552131995290006614509577
upper: 83550242532527638904138483233262313637
Result (no wrap): false
id: 121411138451101288395601026024677976156
lower: 53937554629190552131995290006614509577
upper: 83550242532527638904138483233262313637
Result (no wrap): false
id: 66910184482037901621933403444034052414
lower: 53937554629190552131995290006614509577
upper: 83550242532527638904138483233262313637
Result (no wrap): true
id: 83550242532527638904138483233262313637
lower: 66910184482037901621933403444034052414
upper: 121411138451101288395601026024677976156
Result (no wrap): true
id: 179241403734895214076219526399432130488
lower: 53937554629190552131995290006614509577
upper: 66910184482037901621933403444034052414
Result (no wrap): false
id: 15618062003214643351512781541041391612
lower: 53937554629190552131995290006614509577
upper: 179241403734895214076219526399432130488
Result (no wrap): false
id: 210821560651360572675896360671414673172
lower: 53937554629190552131995290006614509577
upper: 179241403734895214076219526399432130488
Result (no wrap): false
id: 121411138451101288395601026024677976156
lower: 53937554629190552131995290006614509577
upper: 179241403734895214076219526399432130488
Result (no wrap): true
id: 179241403734895214076219526399432130488
lower: 121411138451101288395601026024677976156
upper: 210821560651360572675896360671414673172
Result (no wrap): true
id: 149037318589456997023767356092491379363
lower: 53937554629190552131995290006614509577
upper: 66910184482037901621933403444034052414
Result (no wrap): false
id: 15618062003214643351512781541041391612
lower: 53937554629190552131995290006614509577
upper: 149037318589456997023767356092491379363
Result (no wrap): false
id: 210821560651360572675896360671414673172
lower: 53937554629190552131995290006614509577
upper: 149037318589456997023767356092491379363
Result (no wrap): false
id: 121411138451101288395601026024677976156
lower: 53937554629190552131995290006614509577
upper: 149037318589456997023767356092491379363
Result (no wrap): true
id: 149037318589456997023767356092491379363
lower: 121411138451101288395601026024677976156
upper: 210821560651360572675896360671414673172
Result (no wrap): true
Primary = process4
2025-05-02 21:40:39 INFO  UpdateOperations:90 - Trying to update file replicas for peer: 210821560651360572675896360671414673172
2025-05-02 21:40:39 INFO  UpdateOperations:69 - Update file is being performed by this peer: process4 | 179241403734895214076219526399432130488
2025-05-02 21:40:39 INFO  UpdateOperations:69 - Update file is being performed by this peer: process4 | 149037318589456997023767356092491379363
2025-05-02 21:40:39 INFO  UpdateOperations:102 - Finished updating file for peer: 210821560651360572675896360671414673172
2025-05-02 21:40:39 INFO  UpdateOperations:90 - Trying to update file replicas for peer: 15618062003214643351512781541041391612
2025-05-02 21:40:39 INFO  UpdateOperations:69 - Update file is being performed by this peer: process2 | 8256520967608282605234844990226290265
2025-05-02 21:40:39 INFO  UpdateOperations:102 - Finished updating file for peer: 15618062003214643351512781541041391612
2025-05-02 21:40:39 INFO  UpdateOperations:90 - Trying to update file replicas for peer: 121411138451101288395601026024677976156
2025-05-02 21:40:39 INFO  UpdateOperations:69 - Update file is being performed by this peer: process5 | 83550242532527638904138483233262313637
2025-05-02 21:40:39 INFO  UpdateOperations:102 - Finished updating file for peer: 121411138451101288395601026024677976156
]]></system-out>
  </testcase>
</testsuite>